<?xml version="1.0" encoding="UTF-8"?>
<testsuite name="com.nickkadutskyi.jb.palette.ExportRouterTest" tests="8" skipped="0" failures="0" errors="0" timestamp="2026-08-14T08:07:10.499Z" hostname="Nicks-MacBook-Air-0" time="0.008">
  <properties/>
  <testcase name="referencedSharedLanguageIsIncludedAsDependency()" classname="com.nickkadutskyi.jb.palette.ExportRouterTest" time="0.004"/>
  <testcase name="missingIntelliJBaselineWritesUnderCurrentProduct()" classname="com.nickkadutskyi.jb.palette.ExportRouterTest" time="0.0"/>
  <testcase name="intellijAlwaysOverwritesIntelliJTree()" classname="com.nickkadutskyi.jb.palette.ExportRouterTest" time="0.001"/>
  <testcase name="inheritanceDependenciesAreTransitive()" classname="com.nickkadutskyi.jb.palette.ExportRouterTest" time="0.0"/>
  <testcase name="sharedGroupsAreIgnoredWhenBaselineDiffers()" classname="com.nickkadutskyi.jb.palette.ExportRouterTest" time="0.0"/>
  <testcase name="differentLanguageDefaultsUsesProductScope()" classname="com.nickkadutskyi.jb.palette.ExportRouterTest" time="0.0"/>
  <testcase name="matchingLanguageDefaultsAddOnlyIntoIntelliJ()" classname="com.nickkadutskyi.jb.palette.ExportRouterTest" time="0.0"/>
  <testcase name="differentGeneralDoesNotAffectRouting()" classname="com.nickkadutskyi.jb.palette.ExportRouterTest" time="0.001"/>
  <system-out><![CDATA[]]></system-out>
  <system-err><![CDATA[]]></system-err>
</testsuite>
