<?xml version="1.0" encoding="UTF-8"?>
<testsuite name="com.nickkadutskyi.jb.palette.PathBuilderTest" tests="9" skipped="0" failures="0" errors="0" timestamp="2026-08-14T08:07:10.629Z" hostname="Nicks-MacBook-Air-0" time="0.004">
  <properties/>
  <testcase name="emptyNameBecomesUnnamed()" classname="com.nickkadutskyi.jb.palette.PathBuilderTest" time="0.001"/>
  <testcase name="stripsHtml()" classname="com.nickkadutskyi.jb.palette.PathBuilderTest" time="0.001"/>
  <testcase name="errorStripeChildPath()" classname="com.nickkadutskyi.jb.palette.PathBuilderTest" time="0.0"/>
  <testcase name="avoidsProfileKeyCollision()" classname="com.nickkadutskyi.jb.palette.PathBuilderTest" time="0.0"/>
  <testcase name="languageDefaultsKeyword()" classname="com.nickkadutskyi.jb.palette.PathBuilderTest" time="0.0"/>
  <testcase name="prefixesDigitNames()" classname="com.nickkadutskyi.jb.palette.PathBuilderTest" time="0.0"/>
  <testcase name="generalIdentifierUnderCaret()" classname="com.nickkadutskyi.jb.palette.PathBuilderTest" time="0.0"/>
  <testcase name="diffAndMerge()" classname="com.nickkadutskyi.jb.palette.PathBuilderTest" time="0.001"/>
  <testcase name="preservesExistingCapitals()" classname="com.nickkadutskyi.jb.palette.PathBuilderTest" time="0.0"/>
  <system-out><![CDATA[]]></system-out>
  <system-err><![CDATA[]]></system-err>
</testsuite>
