<?xml version="1.0" encoding="UTF-8"?>
<testsuite name="com.nickkadutskyi.jb.palette.ProductScopedMergeTest" tests="4" skipped="0" failures="0" errors="0" timestamp="2026-08-14T08:07:10.635Z" hostname="Nicks-MacBook-Air-0" time="0.002">
  <properties/>
  <testcase name="differentDefaultsLandUnderRider()" classname="com.nickkadutskyi.jb.palette.ProductScopedMergeTest" time="0.001"/>
  <testcase name="matchingDefaultsAddRiderOnlyLanguageIntoIntelliJ()" classname="com.nickkadutskyi.jb.palette.ProductScopedMergeTest" time="0.0"/>
  <testcase name="wrapsLegacyUnscopedColorsUnderIntelliJ()" classname="com.nickkadutskyi.jb.palette.ProductScopedMergeTest" time="0.0"/>
  <testcase name="addOnlyDoesNotOverwriteIntelliJLeaves()" classname="com.nickkadutskyi.jb.palette.ProductScopedMergeTest" time="0.001"/>
  <system-out><![CDATA[]]></system-out>
  <system-err><![CDATA[]]></system-err>
</testsuite>
