<?xml version="1.0" encoding="UTF-8"?>
<testsuite name="com.nickkadutskyi.jb.palette.PaletteMergerTest" tests="8" skipped="0" failures="0" errors="0" timestamp="2026-08-14T08:07:10.621Z" hostname="Nicks-MacBook-Air-0" time="0.008">
  <properties/>
  <testcase name="overlaysOnlyDetectedProfile()" classname="com.nickkadutskyi.jb.palette.PaletteMergerTest" time="0.001"/>
  <testcase name="fourPassMergeKeepsAllProfiles()" classname="com.nickkadutskyi.jb.palette.PaletteMergerTest" time="0.004"/>
  <testcase name="expandsWholeDescriptorReferenceWhenOverlayingOneProfile()" classname="com.nickkadutskyi.jb.palette.PaletteMergerTest" time="0.0"/>
  <testcase name="doesNotDeleteStaleProfilesFromReducedExports()" classname="com.nickkadutskyi.jb.palette.PaletteMergerTest" time="0.0"/>
  <testcase name="prettyPrintIsDeterministic()" classname="com.nickkadutskyi.jb.palette.PaletteMergerTest" time="0.001"/>
  <testcase name="missingProviderIsNotExportedAsEmpty()" classname="com.nickkadutskyi.jb.palette.PaletteMergerTest" time="0.0"/>
  <testcase name="emptyAttributesBecomeEmptyProfileObject()" classname="com.nickkadutskyi.jb.palette.PaletteMergerTest" time="0.0"/>
  <testcase name="preservesRootAndUnrelatedColorTrees()" classname="com.nickkadutskyi.jb.palette.PaletteMergerTest" time="0.001"/>
  <system-out><![CDATA[]]></system-out>
  <system-err><![CDATA[]]></system-err>
</testsuite>
