<?xml version="1.0" encoding="UTF-8"?>
<testsuite name="com.nickkadutskyi.jb.palette.AttributeConverterTest" tests="14" skipped="0" failures="0" errors="0" timestamp="2026-08-14T08:07:10.452Z" hostname="Nicks-MacBook-Air-0" time="0.034">
  <properties/>
  <testcase name="hexIsUppercaseWithHash()" classname="com.nickkadutskyi.jb.palette.AttributeConverterTest" time="0.016"/>
  <testcase name="mapsBoldLineUnderscore()" classname="com.nickkadutskyi.jb.palette.AttributeConverterTest" time="0.002"/>
  <testcase name="mapsDottedLine()" classname="com.nickkadutskyi.jb.palette.AttributeConverterTest" time="0.0"/>
  <testcase name="mapsDashedLine()" classname="com.nickkadutskyi.jb.palette.AttributeConverterTest" time="0.0"/>
  <testcase name="mapsStrikeout()" classname="com.nickkadutskyi.jb.palette.AttributeConverterTest" time="0.0"/>
  <testcase name="mapsWaveUnderscore()" classname="com.nickkadutskyi.jb.palette.AttributeConverterTest" time="0.0"/>
  <testcase name="jsonOmitsFalseFlagsAndUnavailableColors()" classname="com.nickkadutskyi.jb.palette.AttributeConverterTest" time="0.001"/>
  <testcase name="disabledEffectsIgnoresLeftoverEffectType()" classname="com.nickkadutskyi.jb.palette.AttributeConverterTest" time="0.001"/>
  <testcase name="convertsTextAttributesVocabulary()" classname="com.nickkadutskyi.jb.palette.AttributeConverterTest" time="0.0"/>
  <testcase name="colorKindUsesForegroundOrBackground()" classname="com.nickkadutskyi.jb.palette.AttributeConverterTest" time="0.003"/>
  <testcase name="leftoverEffectTypeWithoutColorIsNotEmitted()" classname="com.nickkadutskyi.jb.palette.AttributeConverterTest" time="0.0"/>
  <testcase name="enabledEffectsEmitTypeAndColor()" classname="com.nickkadutskyi.jb.palette.AttributeConverterTest" time="0.001"/>
  <testcase name="mapsLineUnderscore()" classname="com.nickkadutskyi.jb.palette.AttributeConverterTest" time="0.0"/>
  <testcase name="ignoresUnknownEffects()" classname="com.nickkadutskyi.jb.palette.AttributeConverterTest" time="0.0"/>
  <system-out><![CDATA[]]></system-out>
  <system-err><![CDATA[]]></system-err>
</testsuite>
